161206  4:11:49 [Note] Plugin 'FEDERATED' is disabled.
161206  4:11:49 InnoDB: The InnoDB memory heap is disabled
161206  4:11:49 InnoDB: Mutexes and rw_locks use Windows interlocked functions
161206  4:11:49 InnoDB: Compressed tables use zlib 1.2.3
161206  4:11:49 InnoDB: Initializing buffer pool, size = 128.0M
161206  4:11:49 InnoDB: Completed initialization of buffer pool
InnoDB: The first specified data file .\ibdata1 did not exist:
InnoDB: a new database to be created!
161206  4:11:49  InnoDB: Setting file .\ibdata1 size to 10 MB
InnoDB: Database physically writes the file full: wait...
161206  4:11:49  InnoDB: Log file .\ib_logfile0 did not exist: new to be created
InnoDB: Setting log file .\ib_logfile0 size to 5 MB
InnoDB: Database physically writes the file full: wait...
161206  4:11:49  InnoDB: Log file .\ib_logfile1 did not exist: new to be created
InnoDB: Setting log file .\ib_logfile1 size to 5 MB
InnoDB: Database physically writes the file full: wait...
InnoDB: Doublewrite buffer not found: creating new
InnoDB: Doublewrite buffer created
InnoDB: 127 rollback segment(s) active.
InnoDB: Creating foreign key constraint system tables
InnoDB: Foreign key constraint system tables created
161206  4:11:50  InnoDB: Waiting for the background threads to start
161206  4:11:51 InnoDB: 5.5.53 started; log sequence number 0
161206  4:11:51 [Note] Server hostname (bind-address): '0.0.0.0'; port: 3306
161206  4:11:51 [Note]   - '0.0.0.0' resolves to '0.0.0.0';
161206  4:11:51 [Note] Server socket created on IP: '0.0.0.0'.
161206  4:11:51 [Note] Event Scheduler: Loaded 0 events
161206  4:11:51 [Note] mysql5\bin\mysqld.exe: ready for connections.
Version: '5.5.53'  socket: ''  port: 3306  MySQL Community Server (GPL)
161206  6:48:57 [Note] Plugin 'FEDERATED' is disabled.
161206  6:48:58 InnoDB: The InnoDB memory heap is disabled
161206  6:48:58 InnoDB: Mutexes and rw_locks use Windows interlocked functions
161206  6:48:58 InnoDB: Compressed tables use zlib 1.2.3
161206  6:48:58 InnoDB: Initializing buffer pool, size = 128.0M
161206  6:48:58 InnoDB: Completed initialization of buffer pool
161206  6:48:58 InnoDB: highest supported file format is Barracuda.
161206  6:48:58  InnoDB: Waiting for the background threads to start
161206  6:48:59 InnoDB: 5.5.53 started; log sequence number 1955861
161206  6:48:59 [Note] Server hostname (bind-address): '0.0.0.0'; port: 3306
161206  6:48:59 [Note]   - '0.0.0.0' resolves to '0.0.0.0';
161206  6:48:59 [Note] Server socket created on IP: '0.0.0.0'.
161206  6:49:01 [Note] Event Scheduler: Loaded 0 events
161206  6:49:01 [Note] MySQL: ready for connections.
Version: '5.5.53'  socket: ''  port: 3306  MySQL Community Server (GPL)
161206  6:54:02 [Note] MySQL: Normal shutdown

161206  6:54:02 [Note] Event Scheduler: Purging the queue. 0 events
161206  6:54:02  InnoDB: Starting shutdown...
161206  6:54:02  InnoDB: Shutdown completed; log sequence number 1955861
161206  6:54:02 [Note] MySQL: Shutdown complete

